1500187139795	geckodriver	INFO	Listening on 127.0.0.1:56102
1500187141854	geckodriver::marionette	INFO	Starting browser \\?\C:\Program Files (x86)\Mozilla Firefox\firefox.exe with args ["-marionette"]
1500187142339	addons.manager	ERROR	startup failed: [Exception... "Component returned failure code: 0x80070057 (NS_ERROR_ILLEGAL_VALUE) [nsIFile.create]"  nsresult: "0x80070057 (NS_ERROR_ILLEGAL_VALUE)"  location: "JS frame :: resource://gre/modules/FileUtils.jsm :: FileUtils_getDir :: line 70"  data: no] Stack trace: FileUtils_getDir()@resource://gre/modules/FileUtils.jsm:70 < FileUtils_getFile()@resource://gre/modules/FileUtils.jsm:42 < validateBlocklist()@resource://gre/modules/AddonManager.jsm:674 < startup()@resource://gre/modules/AddonManager.jsm:837 < startup()@resource://gre/modules/AddonManager.jsm:3145 < observe()@resource://gre/components/addonManager.js:65
JavaScript error: resource://gre/modules/AddonManager.jsm, line 1657: NS_ERROR_NOT_INITIALIZED: AddonManager is not initialized
1500187143887	Marionette	INFO	Listening on port 56108
JavaScript error: resource://gre/modules/AddonManager.jsm, line 2572: NS_ERROR_NOT_INITIALIZED: AddonManager is not initialized
1500187144992	Marionette	WARN	TLS certificate errors will be ignored for this session
JavaScript error: https://sp0.baidu.com/5a1Fazu8AA54nxGko9WTAnF6hhy/su?wd=Se&json=1&p=3&sid=1457_19036_21102_17001_22158&req=2&csor=2&pwd=S&cb=jQuery110208474058390315844_1500187145642&_=1500187145645, line 1: TypeError: jQuery110208474058390315844_1500187145642 is not a function
JavaScript error: https://sp0.baidu.com/5a1Fazu8AA54nxGko9WTAnF6hhy/su?wd=Sel&json=1&p=3&sid=1457_19036_21102_17001_22158&req=2&csor=3&pwd=Se&cb=jQuery110208474058390315844_1500187145642&_=1500187145646, line 1: TypeError: jQuery110208474058390315844_1500187145642 is not a function
JavaScript error: https://sp0.baidu.com/5a1Fazu8AA54nxGko9WTAnF6hhy/su?wd=S&json=1&p=3&sid=1457_19036_21102_17001_22158&req=2&csor=1&cb=jQuery110208474058390315844_1500187145642&_=1500187145644, line 1: TypeError: jQuery110208474058390315844_1500187145642 is not a function
JavaScript error: https://sp0.baidu.com/5a1Fazu8AA54nxGko9WTAnF6hhy/su?wd=Sele&json=1&p=3&sid=1457_19036_21102_17001_22158&req=2&csor=4&pwd=Sel&cb=jQuery110208474058390315844_1500187145642&_=1500187145647, line 1: TypeError: jQuery110208474058390315844_1500187145642 is not a function
JavaScript error: https://sp0.baidu.com/5a1Fazu8AA54nxGko9WTAnF6hhy/su?wd=Selen&json=1&p=3&sid=1457_19036_21102_17001_22158&req=2&csor=5&pwd=Sele&cb=jQuery110208474058390315844_1500187145642&_=1500187145648, line 1: TypeError: jQuery110208474058390315844_1500187145642 is not a function
JavaScript error: https://sp0.baidu.com/5a1Fazu8AA54nxGko9WTAnF6hhy/su?wd=Seleni&json=1&p=3&sid=1457_19036_21102_17001_22158&req=2&csor=6&pwd=Selen&cb=jQuery110208474058390315844_1500187145642&_=1500187145649, line 1: TypeError: jQuery110208474058390315844_1500187145642 is not a function
JavaScript error: https://sp0.baidu.com/5a1Fazu8AA54nxGko9WTAnF6hhy/su?wd=Seleniu&json=1&p=3&sid=1457_19036_21102_17001_22158&req=2&csor=7&pwd=Seleni&cb=jQuery110208474058390315844_1500187145642&_=1500187145650, line 1: TypeError: jQuery110208474058390315844_1500187145642 is not a function
JavaScript error: https://sp0.baidu.com/5a1Fazu8AA54nxGko9WTAnF6hhy/su?wd=Selenium&json=1&p=3&sid=1457_19036_21102_17001_22158&req=2&csor=8&pwd=Seleniu&cb=jQuery110208474058390315844_1500187145642&_=1500187145651, line 1: TypeError: jQuery110208474058390315844_1500187145642 is not a function
JavaScript error: https://sp0.baidu.com/5a1Fazu8AA54nxGko9WTAnF6hhy/su?wd=Selenium2&json=1&p=3&sid=1457_19036_21102_17001_22158&req=2&csor=9&pwd=Selenium&cb=jQuery110208474058390315844_1500187145642&_=1500187145652, line 1: TypeError: jQuery110208474058390315844_1500187145642 is not a function
1500187146341	Marionette	INFO	New connections will no longer be accepted
1500187158278	geckodriver	INFO	Listening on 127.0.0.1:56153
1500187160353	geckodriver::marionette	INFO	Starting browser \\?\C:\Program Files (x86)\Mozilla Firefox\firefox.exe with args ["-marionette"]
1500187160581	addons.manager	ERROR	startup failed: [Exception... "Component returned failure code: 0x80070057 (NS_ERROR_ILLEGAL_VALUE) [nsIFile.create]"  nsresult: "0x80070057 (NS_ERROR_ILLEGAL_VALUE)"  location: "JS frame :: resource://gre/modules/FileUtils.jsm :: FileUtils_getDir :: line 70"  data: no] Stack trace: FileUtils_getDir()@resource://gre/modules/FileUtils.jsm:70 < FileUtils_getFile()@resource://gre/modules/FileUtils.jsm:42 < validateBlocklist()@resource://gre/modules/AddonManager.jsm:674 < startup()@resource://gre/modules/AddonManager.jsm:837 < startup()@resource://gre/modules/AddonManager.jsm:3145 < observe()@resource://gre/components/addonManager.js:65
JavaScript error: resource://gre/modules/AddonManager.jsm, line 1657: NS_ERROR_NOT_INITIALIZED: AddonManager is not initialized
1500187162096	Marionette	INFO	Listening on port 56160
JavaScript error: resource://gre/modules/AddonManager.jsm, line 2572: NS_ERROR_NOT_INITIALIZED: AddonManager is not initialized
1500187162385	Marionette	WARN	TLS certificate errors will be ignored for this session
JavaScript error: https://sp0.baidu.com/5a1Fazu8AA54nxGko9WTAnF6hhy/su?wd=S&json=1&p=3&sid=1438_21106_22158&req=2&csor=1&cb=jQuery1102046872611498868844_1500187164981&_=1500187164983, line 1: TypeError: jQuery1102046872611498868844_1500187164981 is not a function
JavaScript error: https://sp0.baidu.com/5a1Fazu8AA54nxGko9WTAnF6hhy/su?wd=Sel&json=1&p=3&sid=1438_21106_22158&req=2&csor=3&pwd=Se&cb=jQuery1102046872611498868844_1500187164981&_=1500187164985, line 1: TypeError: jQuery1102046872611498868844_1500187164981 is not a function
JavaScript error: https://sp0.baidu.com/5a1Fazu8AA54nxGko9WTAnF6hhy/su?wd=Selen&json=1&p=3&sid=1438_21106_22158&req=2&csor=5&pwd=Sele&cb=jQuery1102046872611498868844_1500187164981&_=1500187164987, line 1: TypeError: jQuery1102046872611498868844_1500187164981 is not a function
JavaScript error: https://sp0.baidu.com/5a1Fazu8AA54nxGko9WTAnF6hhy/su?wd=Sele&json=1&p=3&sid=1438_21106_22158&req=2&csor=4&pwd=Sel&cb=jQuery1102046872611498868844_1500187164981&_=1500187164986, line 1: TypeError: jQuery1102046872611498868844_1500187164981 is not a function
JavaScript error: https://sp0.baidu.com/5a1Fazu8AA54nxGko9WTAnF6hhy/su?wd=Seleniu&json=1&p=3&sid=1438_21106_22158&req=2&csor=7&pwd=Seleni&cb=jQuery1102046872611498868844_1500187164981&_=1500187164989, line 1: TypeError: jQuery1102046872611498868844_1500187164981 is not a function
JavaScript error: https://sp0.baidu.com/5a1Fazu8AA54nxGko9WTAnF6hhy/su?wd=Seleni&json=1&p=3&sid=1438_21106_22158&req=2&csor=6&pwd=Selen&cb=jQuery1102046872611498868844_1500187164981&_=1500187164988, line 1: TypeError: jQuery1102046872611498868844_1500187164981 is not a function
JavaScript error: https://sp0.baidu.com/5a1Fazu8AA54nxGko9WTAnF6hhy/su?wd=Selenium&json=1&p=3&sid=1438_21106_22158&req=2&csor=8&pwd=Seleniu&cb=jQuery1102046872611498868844_1500187164981&_=1500187164990, line 1: TypeError: jQuery1102046872611498868844_1500187164981 is not a function
JavaScript error: https://sp0.baidu.com/5a1Fazu8AA54nxGko9WTAnF6hhy/su?wd=Selenium2&json=1&p=3&sid=1438_21106_22158&req=2&csor=9&pwd=Selenium&cb=jQuery1102046872611498868844_1500187164981&_=1500187164991, line 1: TypeError: jQuery1102046872611498868844_1500187164981 is not a function
1500187165634	Marionette	INFO	New connections will no longer be accepted
1500187331557	geckodriver	INFO	Listening on 127.0.0.1:56214
1500187333615	geckodriver::marionette	INFO	Starting browser \\?\C:\Program Files (x86)\Mozilla Firefox\firefox.exe with args ["-marionette"]
1500187333842	addons.manager	ERROR	startup failed: [Exception... "Component returned failure code: 0x80070057 (NS_ERROR_ILLEGAL_VALUE) [nsIFile.create]"  nsresult: "0x80070057 (NS_ERROR_ILLEGAL_VALUE)"  location: "JS frame :: resource://gre/modules/FileUtils.jsm :: FileUtils_getDir :: line 70"  data: no] Stack trace: FileUtils_getDir()@resource://gre/modules/FileUtils.jsm:70 < FileUtils_getFile()@resource://gre/modules/FileUtils.jsm:42 < validateBlocklist()@resource://gre/modules/AddonManager.jsm:674 < startup()@resource://gre/modules/AddonManager.jsm:837 < startup()@resource://gre/modules/AddonManager.jsm:3145 < observe()@resource://gre/components/addonManager.js:65
JavaScript error: resource://gre/modules/AddonManager.jsm, line 1657: NS_ERROR_NOT_INITIALIZED: AddonManager is not initialized
1500187335292	Marionette	INFO	Listening on port 56220
JavaScript error: resource://gre/modules/AddonManager.jsm, line 2572: NS_ERROR_NOT_INITIALIZED: AddonManager is not initialized
1500187335655	Marionette	WARN	TLS certificate errors will be ignored for this session
JavaScript error: https://sp0.baidu.com/5a1Fazu8AA54nxGko9WTAnF6hhy/su?wd=Seleni&json=1&p=3&sid=1432_21091_18559_20927&req=2&csor=6&pwd=Selen&cb=jQuery1102011184533972393396_1500187336048&_=1500187336055, line 1: TypeError: jQuery1102011184533972393396_1500187336048 is not a function
JavaScript error: https://sp0.baidu.com/5a1Fazu8AA54nxGko9WTAnF6hhy/su?wd=Se&json=1&p=3&sid=1432_21091_18559_20927&req=2&csor=2&pwd=S&cb=jQuery1102011184533972393396_1500187336048&_=1500187336051, line 1: TypeError: jQuery1102011184533972393396_1500187336048 is not a function
JavaScript error: https://sp0.baidu.com/5a1Fazu8AA54nxGko9WTAnF6hhy/su?wd=Sele&json=1&p=3&sid=1432_21091_18559_20927&req=2&csor=4&pwd=Sel&cb=jQuery1102011184533972393396_1500187336048&_=1500187336053, line 1: TypeError: jQuery1102011184533972393396_1500187336048 is not a function
JavaScript error: https://sp0.baidu.com/5a1Fazu8AA54nxGko9WTAnF6hhy/su?wd=Sel&json=1&p=3&sid=1432_21091_18559_20927&req=2&csor=3&pwd=Se&cb=jQuery1102011184533972393396_1500187336048&_=1500187336052, line 1: TypeError: jQuery1102011184533972393396_1500187336048 is not a function
JavaScript error: https://sp0.baidu.com/5a1Fazu8AA54nxGko9WTAnF6hhy/su?wd=Selen&json=1&p=3&sid=1432_21091_18559_20927&req=2&csor=5&pwd=Sele&cb=jQuery1102011184533972393396_1500187336048&_=1500187336054, line 1: TypeError: jQuery1102011184533972393396_1500187336048 is not a function
JavaScript error: https://sp0.baidu.com/5a1Fazu8AA54nxGko9WTAnF6hhy/su?wd=S&json=1&p=3&sid=1432_21091_18559_20927&req=2&csor=1&cb=jQuery1102011184533972393396_1500187336048&_=1500187336050, line 1: TypeError: jQuery1102011184533972393396_1500187336048 is not a function
JavaScript error: https://sp0.baidu.com/5a1Fazu8AA54nxGko9WTAnF6hhy/su?wd=Selenium&json=1&p=3&sid=1432_21091_18559_20927&req=2&csor=8&pwd=Seleniu&cb=jQuery1102011184533972393396_1500187336048&_=1500187336057, line 1: TypeError: jQuery1102011184533972393396_1500187336048 is not a function
JavaScript error: https://sp0.baidu.com/5a1Fazu8AA54nxGko9WTAnF6hhy/su?wd=Seleniu&json=1&p=3&sid=1432_21091_18559_20927&req=2&csor=7&pwd=Seleni&cb=jQuery1102011184533972393396_1500187336048&_=1500187336056, line 1: TypeError: jQuery1102011184533972393396_1500187336048 is not a function
JavaScript error: https://sp0.baidu.com/5a1Fazu8AA54nxGko9WTAnF6hhy/su?wd=Selenium2&json=1&p=3&sid=1432_21091_18559_20927&req=2&csor=9&pwd=Selenium&cb=jQuery1102011184533972393396_1500187336048&_=1500187336058, line 1: TypeError: jQuery1102011184533972393396_1500187336048 is not a function
1500187336712	Marionette	INFO	New connections will no longer be accepted
1500187344810	geckodriver	INFO	Listening on 127.0.0.1:56258
1500187346890	geckodriver::marionette	INFO	Starting browser \\?\C:\Program Files (x86)\Mozilla Firefox\firefox.exe with args ["-marionette"]
1500187347118	addons.manager	ERROR	startup failed: [Exception... "Component returned failure code: 0x80070057 (NS_ERROR_ILLEGAL_VALUE) [nsIFile.create]"  nsresult: "0x80070057 (NS_ERROR_ILLEGAL_VALUE)"  location: "JS frame :: resource://gre/modules/FileUtils.jsm :: FileUtils_getDir :: line 70"  data: no] Stack trace: FileUtils_getDir()@resource://gre/modules/FileUtils.jsm:70 < FileUtils_getFile()@resource://gre/modules/FileUtils.jsm:42 < validateBlocklist()@resource://gre/modules/AddonManager.jsm:674 < startup()@resource://gre/modules/AddonManager.jsm:837 < startup()@resource://gre/modules/AddonManager.jsm:3145 < observe()@resource://gre/components/addonManager.js:65
JavaScript error: resource://gre/modules/AddonManager.jsm, line 1657: NS_ERROR_NOT_INITIALIZED: AddonManager is not initialized
1500187348616	Marionette	INFO	Listening on port 56264
JavaScript error: resource://gre/modules/AddonManager.jsm, line 2572: NS_ERROR_NOT_INITIALIZED: AddonManager is not initialized
1500187348930	Marionette	WARN	TLS certificate errors will be ignored for this session
JavaScript error: https://sp0.baidu.com/5a1Fazu8AA54nxGko9WTAnF6hhy/su?wd=Se&json=1&p=3&sid=1425_21092_20718&req=2&csor=2&pwd=S&cb=jQuery1102028020092740554703_1500187351512&_=1500187351515, line 1: TypeError: jQuery1102028020092740554703_1500187351512 is not a function
JavaScript error: https://sp0.baidu.com/5a1Fazu8AA54nxGko9WTAnF6hhy/su?wd=Sel&json=1&p=3&sid=1425_21092_20718&req=2&csor=3&pwd=Se&cb=jQuery1102028020092740554703_1500187351512&_=1500187351516, line 1: TypeError: jQuery1102028020092740554703_1500187351512 is not a function
JavaScript error: https://sp0.baidu.com/5a1Fazu8AA54nxGko9WTAnF6hhy/su?wd=S&json=1&p=3&sid=1425_21092_20718&req=2&csor=1&cb=jQuery1102028020092740554703_1500187351512&_=1500187351514, line 1: TypeError: jQuery1102028020092740554703_1500187351512 is not a function
JavaScript error: https://sp0.baidu.com/5a1Fazu8AA54nxGko9WTAnF6hhy/su?wd=Seleni&json=1&p=3&sid=1425_21092_20718&req=2&csor=6&pwd=Selen&cb=jQuery1102028020092740554703_1500187351512&_=1500187351519, line 1: TypeError: jQuery1102028020092740554703_1500187351512 is not a function
JavaScript error: https://sp0.baidu.com/5a1Fazu8AA54nxGko9WTAnF6hhy/su?wd=Selen&json=1&p=3&sid=1425_21092_20718&req=2&csor=5&pwd=Sele&cb=jQuery1102028020092740554703_1500187351512&_=1500187351518, line 1: TypeError: jQuery1102028020092740554703_1500187351512 is not a function
JavaScript error: https://sp0.baidu.com/5a1Fazu8AA54nxGko9WTAnF6hhy/su?wd=Sele&json=1&p=3&sid=1425_21092_20718&req=2&csor=4&pwd=Sel&cb=jQuery1102028020092740554703_1500187351512&_=1500187351517, line 1: TypeError: jQuery1102028020092740554703_1500187351512 is not a function
JavaScript error: https://sp0.baidu.com/5a1Fazu8AA54nxGko9WTAnF6hhy/su?wd=Seleniu&json=1&p=3&sid=1425_21092_20718&req=2&csor=7&pwd=Seleni&cb=jQuery1102028020092740554703_1500187351512&_=1500187351520, line 1: TypeError: jQuery1102028020092740554703_1500187351512 is not a function
JavaScript error: https://sp0.baidu.com/5a1Fazu8AA54nxGko9WTAnF6hhy/su?wd=Selenium&json=1&p=3&sid=1425_21092_20718&req=2&csor=8&pwd=Seleniu&cb=jQuery1102028020092740554703_1500187351512&_=1500187351521, line 1: TypeError: jQuery1102028020092740554703_1500187351512 is not a function
JavaScript error: https://sp0.baidu.com/5a1Fazu8AA54nxGko9WTAnF6hhy/su?wd=Selenium2&json=1&p=3&sid=1425_21092_20718&req=2&csor=9&pwd=Selenium&cb=jQuery1102028020092740554703_1500187351512&_=1500187351522, line 1: TypeError: jQuery1102028020092740554703_1500187351512 is not a function
1500187352168	Marionette	INFO	New connections will no longer be accepted
1500187367128	geckodriver	INFO	Listening on 127.0.0.1:56309
1500187369158	geckodriver::marionette	INFO	Starting browser \\?\C:\Program Files (x86)\Mozilla Firefox\firefox.exe with args ["-marionette"]
1500187369386	addons.manager	ERROR	startup failed: [Exception... "Component returned failure code: 0x80070057 (NS_ERROR_ILLEGAL_VALUE) [nsIFile.create]"  nsresult: "0x80070057 (NS_ERROR_ILLEGAL_VALUE)"  location: "JS frame :: resource://gre/modules/FileUtils.jsm :: FileUtils_getDir :: line 70"  data: no] Stack trace: FileUtils_getDir()@resource://gre/modules/FileUtils.jsm:70 < FileUtils_getFile()@resource://gre/modules/FileUtils.jsm:42 < validateBlocklist()@resource://gre/modules/AddonManager.jsm:674 < startup()@resource://gre/modules/AddonManager.jsm:837 < startup()@resource://gre/modules/AddonManager.jsm:3145 < observe()@resource://gre/components/addonManager.js:65
JavaScript error: resource://gre/modules/AddonManager.jsm, line 1657: NS_ERROR_NOT_INITIALIZED: AddonManager is not initialized
1500187370830	Marionette	INFO	Listening on port 56315
JavaScript error: resource://gre/modules/AddonManager.jsm, line 2572: NS_ERROR_NOT_INITIALIZED: AddonManager is not initialized
1500187371203	Marionette	WARN	TLS certificate errors will be ignored for this session
JavaScript error: https://sp0.baidu.com/5a1Fazu8AA54nxGko9WTAnF6hhy/su?wd=Selen&json=1&p=3&sid=1455_21118_20930&req=2&csor=5&pwd=Sele&cb=jQuery110203047601335514455_1500187371822&_=1500187371828, line 1: TypeError: jQuery110203047601335514455_1500187371822 is not a function
JavaScript error: https://sp0.baidu.com/5a1Fazu8AA54nxGko9WTAnF6hhy/su?wd=Sel&json=1&p=3&sid=1455_21118_20930&req=2&csor=3&pwd=Se&cb=jQuery110203047601335514455_1500187371822&_=1500187371826, line 1: TypeError: jQuery110203047601335514455_1500187371822 is not a function
JavaScript error: https://sp0.baidu.com/5a1Fazu8AA54nxGko9WTAnF6hhy/su?wd=Sele&json=1&p=3&sid=1455_21118_20930&req=2&csor=4&pwd=Sel&cb=jQuery110203047601335514455_1500187371822&_=1500187371827, line 1: TypeError: jQuery110203047601335514455_1500187371822 is not a function
JavaScript error: https://sp0.baidu.com/5a1Fazu8AA54nxGko9WTAnF6hhy/su?wd=S&json=1&p=3&sid=1455_21118_20930&req=2&csor=1&cb=jQuery110203047601335514455_1500187371822&_=1500187371824, line 1: TypeError: jQuery110203047601335514455_1500187371822 is not a function
JavaScript error: https://sp0.baidu.com/5a1Fazu8AA54nxGko9WTAnF6hhy/su?wd=Seleni&json=1&p=3&sid=1455_21118_20930&req=2&csor=6&pwd=Selen&cb=jQuery110203047601335514455_1500187371822&_=1500187371829, line 1: TypeError: jQuery110203047601335514455_1500187371822 is not a function
JavaScript error: https://sp0.baidu.com/5a1Fazu8AA54nxGko9WTAnF6hhy/su?wd=Seleniu&json=1&p=3&sid=1455_21118_20930&req=2&csor=7&pwd=Seleni&cb=jQuery110203047601335514455_1500187371822&_=1500187371830, line 1: TypeError: jQuery110203047601335514455_1500187371822 is not a function
JavaScript error: https://sp0.baidu.com/5a1Fazu8AA54nxGko9WTAnF6hhy/su?wd=Selenium2&json=1&p=3&sid=1455_21118_20930&req=2&csor=9&pwd=Selenium&cb=jQuery110203047601335514455_1500187371822&_=1500187371832, line 1: TypeError: jQuery110203047601335514455_1500187371822 is not a function
JavaScript error: https://sp0.baidu.com/5a1Fazu8AA54nxGko9WTAnF6hhy/su?wd=Selenium&json=1&p=3&sid=1455_21118_20930&req=2&csor=8&pwd=Seleniu&cb=jQuery110203047601335514455_1500187371822&_=1500187371831, line 1: TypeError: jQuery110203047601335514455_1500187371822 is not a function
JavaScript error: https://sp0.baidu.com/5a1Fazu8AA54nxGko9WTAnF6hhy/su?wd=Se&json=1&p=3&sid=1455_21118_20930&req=2&csor=2&pwd=S&cb=jQuery110203047601335514455_1500187371822&_=1500187371825, line 1: TypeError: jQuery110203047601335514455_1500187371822 is not a function
1500187376468	Marionette	INFO	New connections will no longer be accepted
1500187396244	geckodriver	INFO	Listening on 127.0.0.1:56358
1500187398319	geckodriver::marionette	INFO	Starting browser \\?\C:\Program Files (x86)\Mozilla Firefox\firefox.exe with args ["-marionette"]
1500187398547	addons.manager	ERROR	startup failed: [Exception... "Component returned failure code: 0x80070057 (NS_ERROR_ILLEGAL_VALUE) [nsIFile.create]"  nsresult: "0x80070057 (NS_ERROR_ILLEGAL_VALUE)"  location: "JS frame :: resource://gre/modules/FileUtils.jsm :: FileUtils_getDir :: line 70"  data: no] Stack trace: FileUtils_getDir()@resource://gre/modules/FileUtils.jsm:70 < FileUtils_getFile()@resource://gre/modules/FileUtils.jsm:42 < validateBlocklist()@resource://gre/modules/AddonManager.jsm:674 < startup()@resource://gre/modules/AddonManager.jsm:837 < startup()@resource://gre/modules/AddonManager.jsm:3145 < observe()@resource://gre/components/addonManager.js:65
JavaScript error: resource://gre/modules/AddonManager.jsm, line 1657: NS_ERROR_NOT_INITIALIZED: AddonManager is not initialized
1500187399994	Marionette	INFO	Listening on port 56364
JavaScript error: resource://gre/modules/AddonManager.jsm, line 2572: NS_ERROR_NOT_INITIALIZED: AddonManager is not initialized
1500187400350	Marionette	WARN	TLS certificate errors will be ignored for this session
JavaScript error: https://sp0.baidu.com/5a1Fazu8AA54nxGko9WTAnF6hhy/su?wd=Se&json=1&p=3&sid=1465_23514_21117&req=2&csor=2&pwd=S&cb=jQuery110208244345955415848_1500187402899&_=1500187402902, line 1: TypeError: jQuery110208244345955415848_1500187402899 is not a function
JavaScript error: https://sp0.baidu.com/5a1Fazu8AA54nxGko9WTAnF6hhy/su?wd=S&json=1&p=3&sid=1465_23514_21117&req=2&csor=1&cb=jQuery110208244345955415848_1500187402899&_=1500187402901, line 1: TypeError: jQuery110208244345955415848_1500187402899 is not a function
JavaScript error: https://sp0.baidu.com/5a1Fazu8AA54nxGko9WTAnF6hhy/su?wd=Selen&json=1&p=3&sid=1465_23514_21117&req=2&csor=5&pwd=Sele&cb=jQuery110208244345955415848_1500187402899&_=1500187402905, line 1: TypeError: jQuery110208244345955415848_1500187402899 is not a function
JavaScript error: https://sp0.baidu.com/5a1Fazu8AA54nxGko9WTAnF6hhy/su?wd=Sele&json=1&p=3&sid=1465_23514_21117&req=2&csor=4&pwd=Sel&cb=jQuery110208244345955415848_1500187402899&_=1500187402904, line 1: TypeError: jQuery110208244345955415848_1500187402899 is not a function
JavaScript error: https://sp0.baidu.com/5a1Fazu8AA54nxGko9WTAnF6hhy/su?wd=Seleniu&json=1&p=3&sid=1465_23514_21117&req=2&csor=7&pwd=Seleni&cb=jQuery110208244345955415848_1500187402899&_=1500187402907, line 1: TypeError: jQuery110208244345955415848_1500187402899 is not a function
JavaScript error: https://sp0.baidu.com/5a1Fazu8AA54nxGko9WTAnF6hhy/su?wd=Seleni&json=1&p=3&sid=1465_23514_21117&req=2&csor=6&pwd=Selen&cb=jQuery110208244345955415848_1500187402899&_=1500187402906, line 1: TypeError: jQuery110208244345955415848_1500187402899 is not a function
JavaScript error: https://sp0.baidu.com/5a1Fazu8AA54nxGko9WTAnF6hhy/su?wd=Selenium&json=1&p=3&sid=1465_23514_21117&req=2&csor=8&pwd=Seleniu&cb=jQuery110208244345955415848_1500187402899&_=1500187402908, line 1: TypeError: jQuery110208244345955415848_1500187402899 is not a function
JavaScript error: https://sp0.baidu.com/5a1Fazu8AA54nxGko9WTAnF6hhy/su?wd=Selenium2&json=1&p=3&sid=1465_23514_21117&req=2&csor=9&pwd=Selenium&cb=jQuery110208244345955415848_1500187402899&_=1500187402909, line 1: TypeError: jQuery110208244345955415848_1500187402899 is not a function
1500187403553	Marionette	INFO	New connections will no longer be accepted
1500557160848	geckodriver	INFO	Listening on 127.0.0.1:62830
1500557162895	geckodriver::marionette	INFO	Starting browser \\?\C:\Program Files (x86)\Mozilla Firefox\firefox.exe with args ["-marionette"]
1500557163349	addons.manager	ERROR	startup failed: [Exception... "Component returned failure code: 0x80070057 (NS_ERROR_ILLEGAL_VALUE) [nsIFile.create]"  nsresult: "0x80070057 (NS_ERROR_ILLEGAL_VALUE)"  location: "JS frame :: resource://gre/modules/FileUtils.jsm :: FileUtils_getDir :: line 70"  data: no] Stack trace: FileUtils_getDir()@resource://gre/modules/FileUtils.jsm:70 < FileUtils_getFile()@resource://gre/modules/FileUtils.jsm:42 < validateBlocklist()@resource://gre/modules/AddonManager.jsm:674 < startup()@resource://gre/modules/AddonManager.jsm:837 < startup()@resource://gre/modules/AddonManager.jsm:3145 < observe()@resource://gre/components/addonManager.js:65
JavaScript error: resource://gre/modules/AddonManager.jsm, line 1657: NS_ERROR_NOT_INITIALIZED: AddonManager is not initialized
1500557165048	Marionette	INFO	Listening on port 62836
JavaScript error: resource://gre/modules/AddonManager.jsm, line 2572: NS_ERROR_NOT_INITIALIZED: AddonManager is not initialized
1500557166035	Marionette	WARN	TLS certificate errors will be ignored for this session
JavaScript error: https://sp0.baidu.com/5a1Fazu8AA54nxGko9WTAnF6hhy/su?wd=Se&json=1&p=3&sid=1429_21084_17001_20929&req=2&csor=2&pwd=S&cb=jQuery110201916687309120948_1500557166375&_=1500557166378, line 1: TypeError: jQuery110201916687309120948_1500557166375 is not a function
JavaScript error: https://sp0.baidu.com/5a1Fazu8AA54nxGko9WTAnF6hhy/su?wd=Sel&json=1&p=3&sid=1429_21084_17001_20929&req=2&csor=3&pwd=Se&cb=jQuery110201916687309120948_1500557166375&_=1500557166379, line 1: TypeError: jQuery110201916687309120948_1500557166375 is not a function
JavaScript error: https://sp0.baidu.com/5a1Fazu8AA54nxGko9WTAnF6hhy/su?wd=S&json=1&p=3&sid=1429_21084_17001_20929&req=2&csor=1&cb=jQuery110201916687309120948_1500557166375&_=1500557166377, line 1: TypeError: jQuery110201916687309120948_1500557166375 is not a function
JavaScript error: https://sp0.baidu.com/5a1Fazu8AA54nxGko9WTAnF6hhy/su?wd=Seleni&json=1&p=3&sid=1429_21084_17001_20929&req=2&csor=6&pwd=Selen&cb=jQuery110201916687309120948_1500557166375&_=1500557166382, line 1: TypeError: jQuery110201916687309120948_1500557166375 is not a function
JavaScript error: https://sp0.baidu.com/5a1Fazu8AA54nxGko9WTAnF6hhy/su?wd=Sele&json=1&p=3&sid=1429_21084_17001_20929&req=2&csor=4&pwd=Sel&cb=jQuery110201916687309120948_1500557166375&_=1500557166380, line 1: TypeError: jQuery110201916687309120948_1500557166375 is not a function
JavaScript error: https://sp0.baidu.com/5a1Fazu8AA54nxGko9WTAnF6hhy/su?wd=Selen&json=1&p=3&sid=1429_21084_17001_20929&req=2&csor=5&pwd=Sele&cb=jQuery110201916687309120948_1500557166375&_=1500557166381, line 1: TypeError: jQuery110201916687309120948_1500557166375 is not a function
JavaScript error: https://sp0.baidu.com/5a1Fazu8AA54nxGko9WTAnF6hhy/su?wd=Seleniu&json=1&p=3&sid=1429_21084_17001_20929&req=2&csor=7&pwd=Seleni&cb=jQuery110201916687309120948_1500557166375&_=1500557166383, line 1: TypeError: jQuery110201916687309120948_1500557166375 is not a function
JavaScript error: https://sp0.baidu.com/5a1Fazu8AA54nxGko9WTAnF6hhy/su?wd=Selenium2&json=1&p=3&sid=1429_21084_17001_20929&req=2&csor=9&pwd=Selenium&cb=jQuery110201916687309120948_1500557166375&_=1500557166385, line 1: TypeError: jQuery110201916687309120948_1500557166375 is not a function
JavaScript error: https://sp0.baidu.com/5a1Fazu8AA54nxGko9WTAnF6hhy/su?wd=Selenium&json=1&p=3&sid=1429_21084_17001_20929&req=2&csor=8&pwd=Seleniu&cb=jQuery110201916687309120948_1500557166375&_=1500557166384, line 1: TypeError: jQuery110201916687309120948_1500557166375 is not a function
1500557167294	Marionette	INFO	New connections will no longer be accepted
1500557253886	geckodriver	INFO	Listening on 127.0.0.1:62889
1500557255884	geckodriver::marionette	INFO	Starting browser \\?\C:\Program Files (x86)\Mozilla Firefox\firefox.exe with args ["-marionette"]
1500557256162	addons.manager	ERROR	startup failed: [Exception... "Component returned failure code: 0x80070057 (NS_ERROR_ILLEGAL_VALUE) [nsIFile.create]"  nsresult: "0x80070057 (NS_ERROR_ILLEGAL_VALUE)"  location: "JS frame :: resource://gre/modules/FileUtils.jsm :: FileUtils_getDir :: line 70"  data: no] Stack trace: FileUtils_getDir()@resource://gre/modules/FileUtils.jsm:70 < FileUtils_getFile()@resource://gre/modules/FileUtils.jsm:42 < validateBlocklist()@resource://gre/modules/AddonManager.jsm:674 < startup()@resource://gre/modules/AddonManager.jsm:837 < startup()@resource://gre/modules/AddonManager.jsm:3145 < observe()@resource://gre/components/addonManager.js:65
JavaScript error: resource://gre/modules/AddonManager.jsm, line 1657: NS_ERROR_NOT_INITIALIZED: AddonManager is not initialized
1500557257911	Marionette	INFO	Listening on port 62899
JavaScript error: resource://gre/modules/AddonManager.jsm, line 2572: NS_ERROR_NOT_INITIALIZED: AddonManager is not initialized
1500557259021	Marionette	WARN	TLS certificate errors will be ignored for this session
1500557260799	Marionette	INFO	New connections will no longer be accepted
1500557272036	geckodriver	INFO	Listening on 127.0.0.1:62941
1500557274043	geckodriver::marionette	INFO	Starting browser \\?\C:\Program Files (x86)\Mozilla Firefox\firefox.exe with args ["-marionette"]
1500557274292	addons.manager	ERROR	startup failed: [Exception... "Component returned failure code: 0x80070057 (NS_ERROR_ILLEGAL_VALUE) [nsIFile.create]"  nsresult: "0x80070057 (NS_ERROR_ILLEGAL_VALUE)"  location: "JS frame :: resource://gre/modules/FileUtils.jsm :: FileUtils_getDir :: line 70"  data: no] Stack trace: FileUtils_getDir()@resource://gre/modules/FileUtils.jsm:70 < FileUtils_getFile()@resource://gre/modules/FileUtils.jsm:42 < validateBlocklist()@resource://gre/modules/AddonManager.jsm:674 < startup()@resource://gre/modules/AddonManager.jsm:837 < startup()@resource://gre/modules/AddonManager.jsm:3145 < observe()@resource://gre/components/addonManager.js:65
JavaScript error: resource://gre/modules/AddonManager.jsm, line 1657: NS_ERROR_NOT_INITIALIZED: AddonManager is not initialized
1500557275813	Marionette	INFO	Listening on port 62947
JavaScript error: resource://gre/modules/AddonManager.jsm, line 2572: NS_ERROR_NOT_INITIALIZED: AddonManager is not initialized
1500557276070	Marionette	WARN	TLS certificate errors will be ignored for this session
1500557281040	Marionette	INFO	Ceased listening
1500557303655	geckodriver	INFO	Listening on 127.0.0.1:62982
1500557305637	geckodriver::marionette	INFO	Starting browser \\?\C:\Program Files (x86)\Mozilla Firefox\firefox.exe with args ["-marionette"]
1500557305897	addons.manager	ERROR	startup failed: [Exception... "Component returned failure code: 0x80070057 (NS_ERROR_ILLEGAL_VALUE) [nsIFile.create]"  nsresult: "0x80070057 (NS_ERROR_ILLEGAL_VALUE)"  location: "JS frame :: resource://gre/modules/FileUtils.jsm :: FileUtils_getDir :: line 70"  data: no] Stack trace: FileUtils_getDir()@resource://gre/modules/FileUtils.jsm:70 < FileUtils_getFile()@resource://gre/modules/FileUtils.jsm:42 < validateBlocklist()@resource://gre/modules/AddonManager.jsm:674 < startup()@resource://gre/modules/AddonManager.jsm:837 < startup()@resource://gre/modules/AddonManager.jsm:3145 < observe()@resource://gre/components/addonManager.js:65
JavaScript error: resource://gre/modules/AddonManager.jsm, line 1657: NS_ERROR_NOT_INITIALIZED: AddonManager is not initialized
1500557307423	Marionette	INFO	Listening on port 62988
JavaScript error: resource://gre/modules/AddonManager.jsm, line 2572: NS_ERROR_NOT_INITIALIZED: AddonManager is not initialized
1500557307666	Marionette	WARN	TLS certificate errors will be ignored for this session
JavaScript error: https://sp0.baidu.com/5a1Fazu8AA54nxGko9WTAnF6hhy/su?wd=S&json=1&p=3&sid=1434_19033_21092_18560_20928&req=2&csor=1&cb=jQuery110209622598208993824_1500557309948&_=1500557309950, line 1: TypeError: jQuery110209622598208993824_1500557309948 is not a function
JavaScript error: https://sp0.baidu.com/5a1Fazu8AA54nxGko9WTAnF6hhy/su?wd=Sele&json=1&p=3&sid=1434_19033_21092_18560_20928&req=2&csor=4&pwd=Sel&cb=jQuery110209622598208993824_1500557309948&_=1500557309953, line 1: TypeError: jQuery110209622598208993824_1500557309948 is not a function
JavaScript error: https://sp0.baidu.com/5a1Fazu8AA54nxGko9WTAnF6hhy/su?wd=Selen&json=1&p=3&sid=1434_19033_21092_18560_20928&req=2&csor=5&pwd=Sele&cb=jQuery110209622598208993824_1500557309948&_=1500557309954, line 1: TypeError: jQuery110209622598208993824_1500557309948 is not a function
JavaScript error: https://sp0.baidu.com/5a1Fazu8AA54nxGko9WTAnF6hhy/su?wd=Selenium&json=1&p=3&sid=1434_19033_21092_18560_20928&req=2&csor=8&pwd=Seleniu&cb=jQuery110209622598208993824_1500557309948&_=1500557309957, line 1: TypeError: jQuery110209622598208993824_1500557309948 is not a function
JavaScript error: https://sp0.baidu.com/5a1Fazu8AA54nxGko9WTAnF6hhy/su?wd=Seleniu&json=1&p=3&sid=1434_19033_21092_18560_20928&req=2&csor=7&pwd=Seleni&cb=jQuery110209622598208993824_1500557309948&_=1500557309956, line 1: TypeError: jQuery110209622598208993824_1500557309948 is not a function
JavaScript error: https://sp0.baidu.com/5a1Fazu8AA54nxGko9WTAnF6hhy/su?wd=Selenium2&json=1&p=3&sid=1434_19033_21092_18560_20928&req=2&csor=9&pwd=Selenium&cb=jQuery110209622598208993824_1500557309948&_=1500557309958, line 1: TypeError: jQuery110209622598208993824_1500557309948 is not a function
JavaScript error: https://sp0.baidu.com/5a1Fazu8AA54nxGko9WTAnF6hhy/su?wd=Se&json=1&p=3&sid=1434_19033_21092_18560_20928&req=2&csor=2&pwd=S&cb=jQuery110209622598208993824_1500557309948&_=1500557309951, line 1: TypeError: jQuery110209622598208993824_1500557309948 is not a function
JavaScript error: https://sp0.baidu.com/5a1Fazu8AA54nxGko9WTAnF6hhy/su?wd=Sel&json=1&p=3&sid=1434_19033_21092_18560_20928&req=2&csor=3&pwd=Se&cb=jQuery110209622598208993824_1500557309948&_=1500557309952, line 1: TypeError: jQuery110209622598208993824_1500557309948 is not a function
JavaScript error: https://sp0.baidu.com/5a1Fazu8AA54nxGko9WTAnF6hhy/su?wd=Seleni&json=1&p=3&sid=1434_19033_21092_18560_20928&req=2&csor=6&pwd=Selen&cb=jQuery110209622598208993824_1500557309948&_=1500557309955, line 1: TypeError: jQuery110209622598208993824_1500557309948 is not a function
1500557311326	Marionette	INFO	New connections will no longer be accepted
1500557315609	geckodriver	INFO	Listening on 127.0.0.1:63041
1500557317633	geckodriver::marionette	INFO	Starting browser \\?\C:\Program Files (x86)\Mozilla Firefox\firefox.exe with args ["-marionette"]
1500557317896	addons.manager	ERROR	startup failed: [Exception... "Component returned failure code: 0x80070057 (NS_ERROR_ILLEGAL_VALUE) [nsIFile.create]"  nsresult: "0x80070057 (NS_ERROR_ILLEGAL_VALUE)"  location: "JS frame :: resource://gre/modules/FileUtils.jsm :: FileUtils_getDir :: line 70"  data: no] Stack trace: FileUtils_getDir()@resource://gre/modules/FileUtils.jsm:70 < FileUtils_getFile()@resource://gre/modules/FileUtils.jsm:42 < validateBlocklist()@resource://gre/modules/AddonManager.jsm:674 < startup()@resource://gre/modules/AddonManager.jsm:837 < startup()@resource://gre/modules/AddonManager.jsm:3145 < observe()@resource://gre/components/addonManager.js:65
JavaScript error: resource://gre/modules/AddonManager.jsm, line 1657: NS_ERROR_NOT_INITIALIZED: AddonManager is not initialized
1500557319453	Marionette	INFO	Listening on port 63047
JavaScript error: resource://gre/modules/AddonManager.jsm, line 2572: NS_ERROR_NOT_INITIALIZED: AddonManager is not initialized
1500557319663	Marionette	WARN	TLS certificate errors will be ignored for this session
JavaScript error: https://sp0.baidu.com/5a1Fazu8AA54nxGko9WTAnF6hhy/su?wd=Seleni&json=1&p=3&sid=1464_21127_17001&req=2&csor=6&pwd=Selen&cb=jQuery110203198306867172743_1500557320275&_=1500557320282, line 1: TypeError: jQuery110203198306867172743_1500557320275 is not a function
JavaScript error: https://sp0.baidu.com/5a1Fazu8AA54nxGko9WTAnF6hhy/su?wd=Sel&json=1&p=3&sid=1464_21127_17001&req=2&csor=3&pwd=Se&cb=jQuery110203198306867172743_1500557320275&_=1500557320279, line 1: TypeError: jQuery110203198306867172743_1500557320275 is not a function
JavaScript error: https://sp0.baidu.com/5a1Fazu8AA54nxGko9WTAnF6hhy/su?wd=Sele&json=1&p=3&sid=1464_21127_17001&req=2&csor=4&pwd=Sel&cb=jQuery110203198306867172743_1500557320275&_=1500557320280, line 1: TypeError: jQuery110203198306867172743_1500557320275 is not a function
JavaScript error: https://sp0.baidu.com/5a1Fazu8AA54nxGko9WTAnF6hhy/su?wd=Selen&json=1&p=3&sid=1464_21127_17001&req=2&csor=5&pwd=Sele&cb=jQuery110203198306867172743_1500557320275&_=1500557320281, line 1: TypeError: jQuery110203198306867172743_1500557320275 is not a function
JavaScript error: https://sp0.baidu.com/5a1Fazu8AA54nxGko9WTAnF6hhy/su?wd=S&json=1&p=3&sid=1464_21127_17001&req=2&csor=1&cb=jQuery110203198306867172743_1500557320275&_=1500557320277, line 1: TypeError: jQuery110203198306867172743_1500557320275 is not a function
JavaScript error: https://sp0.baidu.com/5a1Fazu8AA54nxGko9WTAnF6hhy/su?wd=Seleniu&json=1&p=3&sid=1464_21127_17001&req=2&csor=7&pwd=Seleni&cb=jQuery110203198306867172743_1500557320275&_=1500557320283, line 1: TypeError: jQuery110203198306867172743_1500557320275 is not a function
JavaScript error: https://sp0.baidu.com/5a1Fazu8AA54nxGko9WTAnF6hhy/su?wd=Selenium2&json=1&p=3&sid=1464_21127_17001&req=2&csor=9&pwd=Selenium&cb=jQuery110203198306867172743_1500557320275&_=1500557320285, line 1: TypeError: jQuery110203198306867172743_1500557320275 is not a function
JavaScript error: https://sp0.baidu.com/5a1Fazu8AA54nxGko9WTAnF6hhy/su?wd=Selenium&json=1&p=3&sid=1464_21127_17001&req=2&csor=8&pwd=Seleniu&cb=jQuery110203198306867172743_1500557320275&_=1500557320284, line 1: TypeError: jQuery110203198306867172743_1500557320275 is not a function
1500557323709	Marionette	INFO	Ceased listening
